[playorionstars.net/index.html]
[playorionstars.net/css/styles.css]
[backblue.gif]
[fade.gif]
[index.html]
[playorionstars.net/css/responsive.css]
[playorionstars.net/media/logo.png]
[playorionstars.net/games.html]
[playorionstars.net/how-to-play.html]
[playorionstars.net/contact-us.html]
[playorionstars.net/media/home-hero.jpg]
[playorionstars.net/media/most-popular-1.png]
[playorionstars.net/media/most-popular-2.png]
[playorionstars.net/media/most-popular-3.png]
[playorionstars.net/media/most-popular-4.png]
[playorionstars.net/media/home-dive.png]
[playorionstars.net/media/game-reco-1.png]
[playorionstars.net/media/game-reco-2.png]
[playorionstars.net/media/game-reco-3.png]
[playorionstars.net/media/game-reco-4.png]
[playorionstars.net/media/most-played-1.png]
[playorionstars.net/media/most-played-2.png]
[playorionstars.net/media/most-played-3.png]
[playorionstars.net/media/sevices-1.png]
[playorionstars.net/media/sevices-2.png]
[playorionstars.net/media/sevices-3.png]
[playorionstars.net/js/app.js]
[playorionstars.net/index.html]
[cdn.jsdelivr.net/npm/bootstrap-icons@1.11.3/font/bootstrap-icons.min.css]
[playorionstars.net/media/games-services-bg.png]
[playorionstars.net/media/star-dots.png]
[playorionstars.net/media/how-to-play-bg2.png]
[playorionstars.net/css/styles.css]
[playorionstars.net/media/home-hero-mobile.jpg]
[playorionstars.net/media/games-hero-mobile.jpg]
[playorionstars.net/media/play-games-hero-mobile.jpg]
[playorionstars.net/media/contact-hero-mobile.jpg]
[playorionstars.net/css/responsive.css]
[playorionstars.net/media/games-hero.png]
[playorionstars.net/media/all-games-icon.png]
[playorionstars.net/media/popular-game-icon.png]
[playorionstars.net/media/new-game-icon.png]
[playorionstars.net/media/coming-soon-game-icon.png]
[playorionstars.net/media/screenshot-1.png]
[playorionstars.net/media/screenshot-2.png]
[playorionstars.net/media/screenshot-3.png]
[playorionstars.net/media/screenshot-4.png]
[playorionstars.net/games.html]
[playorionstars.net/media/how-to-play-hero.png]
[playorionstars.net/media/step-line.png]
[playorionstars.net/how-to-play.html]
[playorionstars.net/media/contact-hero.png]
[playorionstars.net/contact-us.html]
[playorionstars.net/media/most-played-design2.svg]
[playorionstars.net/media/messanger.svg]
[cdn.jsdelivr.net/npm/bootstrap-icons@1.11.3/font/fonts/bootstrap-icons0107.woff2]
[cdn.jsdelivr.net/npm/bootstrap-icons@1.11.3/font/fonts/bootstrap-icons0107.woff]
[cdn.jsdelivr.net/npm/bootstrap-icons@1.11.3/font/bootstrap-icons.min.css]
